[debug] [2019-05-11T20:42:12.888Z] ----------------------------------------------------------------------
[debug] [2019-05-11T20:42:12.891Z] Command:       /Users/BGeist/.nvm/versions/node/v10.13.0/bin/node /Users/BGeist/.nvm/versions/node/v10.13.0/bin/firebase deploy
[debug] [2019-05-11T20:42:12.891Z] CLI Version:   6.1.2
[debug] [2019-05-11T20:42:12.891Z] Platform:      darwin
[debug] [2019-05-11T20:42:12.891Z] Node Version:  v10.13.0
[debug] [2019-05-11T20:42:12.892Z] Time:          Sat May 11 2019 13:42:12 GMT-0700 (Pacific Daylight Time)
[debug] [2019-05-11T20:42:12.892Z] ----------------------------------------------------------------------
[debug] 
[debug] [2019-05-11T20:42:12.904Z] > command requires scopes: ["email","openid","https://www.googleapis.com/auth/cloudplatformprojects.readonly","https://www.googleapis.com/auth/firebase","https://www.googleapis.com/auth/cloud-platform"]
[debug] [2019-05-11T20:42:12.904Z] > authorizing via signed-in user
[debug] [2019-05-11T20:42:12.904Z] [iam] checking project backpacks-5bda5 for permissions ["cloudfunctions.functions.create","cloudfunctions.functions.delete","cloudfunctions.functions.get","cloudfunctions.functions.list","cloudfunctions.functions.update","cloudfunctions.operations.get","datastore.indexes.create","datastore.indexes.delete","datastore.indexes.list","datastore.indexes.update","firebase.projects.get","firebasedatabase.instances.update","firebasehosting.sites.update","firebaserules.releases.create","firebaserules.releases.update","firebaserules.rulesets.create"]
[debug] [2019-05-11T20:42:12.906Z] > refreshing access token with scopes: ["email","https://www.googleapis.com/auth/cloud-platform","https://www.googleapis.com/auth/cloudplatformprojects.readonly","https://www.googleapis.com/auth/firebase","openid"]
[debug] [2019-05-11T20:42:12.906Z] >>> HTTP REQUEST POST https://www.googleapis.com/oauth2/v3/token  
 <request body omitted>
[debug] [2019-05-11T20:42:13.171Z] <<< HTTP RESPONSE 200
[debug] [2019-05-11T20:42:13.195Z] >>> HTTP REQUEST POST https://cloudresourcemanager.googleapis.com/v1/projects/backpacks-5bda5:testIamPermissions  

[debug] [2019-05-11T20:42:13.496Z] <<< HTTP RESPONSE 200
[debug] [2019-05-11T20:42:13.498Z] >>> HTTP REQUEST GET https://firebase.googleapis.com/v1beta1/projects/backpacks-5bda5  
 
[debug] [2019-05-11T20:42:13.765Z] <<< HTTP RESPONSE 200
[info] 
[info] === Deploying to 'backpacks-5bda5'...
[info] 
[info] i  deploying database, storage, firestore, functions, hosting
[info] ✔  functions: Finished running predeploy script.
[info] i  database: checking rules syntax...
[debug] [2019-05-11T20:42:16.911Z] >>> HTTP REQUEST PUT https://backpacks-5bda5.firebaseio.com/.settings/rules.json?dryRun=true  
 {
  "rules": {
    ".read": "auth != null",
    ".write": "auth != null"
  }
}
[debug] [2019-05-11T20:42:17.258Z] <<< HTTP RESPONSE 200
[info] ✔  database: rules syntax for database backpacks-5bda5 is valid
[debug] [2019-05-11T20:42:17.260Z] >>> HTTP REQUEST GET https://appengine.googleapis.com/v1/apps/backpacks-5bda5  
 
[debug] [2019-05-11T20:42:18.010Z] <<< HTTP RESPONSE 200
[info] i  storage: checking storage.rules for compilation errors...
[debug] [2019-05-11T20:42:18.011Z] >>> HTTP REQUEST POST https://firebaserules.googleapis.com/v1/projects/backpacks-5bda5:test  

[debug] [2019-05-11T20:42:18.465Z] <<< HTTP RESPONSE 200
[info] ✔  storage: rules file storage.rules compiled successfully
[info] i  firestore: checking firestore.rules for compilation errors...
[debug] [2019-05-11T20:42:18.468Z] >>> HTTP REQUEST POST https://firebaserules.googleapis.com/v1/projects/backpacks-5bda5:test  

[debug] [2019-05-11T20:42:18.864Z] <<< HTTP RESPONSE 200
[info] ✔  firestore: rules file firestore.rules compiled successfully
[debug] [2019-05-11T20:42:18.868Z] > [functions] package.json contents: {
  "name": "functions",
  "description": "Cloud Functions for Firebase",
  "scripts": {
    "lint": "eslint .",
    "serve": "firebase serve --only functions",
    "shell": "firebase functions:shell",
    "start": "npm run shell",
    "deploy": "firebase deploy --only functions",
    "logs": "firebase functions:log"
  },
  "dependencies": {
    "@koa/cors": "^2.2.3",
    "aws-sdk": "^2.423.0",
    "buffer-from": "^1.1.1",
    "cheerio": "^0.22.0",
    "co": "^4.5.4",
    "co-body": "^4.0.0",
    "co-wait": "0.0.0",
    "co-waiter": "^1.0.2",
    "cors": "^2.8.5",
    "cssmin": "^0.4.3",
    "debug": "^2.2.0",
    "denodeify": "^1.2.1",
    "dotenv": "^2.0.0",
    "firebase": "^5.9.0",
    "firebase-admin": "~6.0.0",
    "firebase-functions": "^2.1.0",
    "fs-promise": "^0.3.1",
    "handlebars": "^3.0.6",
    "i": "^0.3.3",
    "json-stable-stringify": "^1.0.0",
    "koa": "^2.7.0",
    "koa-cookie": "^1.0.0",
    "koa-mount": "^4.0.0",
    "koa-router": "^7.4.0",
    "koa-static": "^5.0.0",
    "less": "^2.5.1",
    "lodash": "^3.9.3",
    "mime-types": "^2.1.22",
    "mkdirp": "^0.5.1",
    "mkdirp-promise": "^1.0.3",
    "moment": "^2.24.0",
    "mtgsdk": "^0.4.2",
    "pdf-maker": "0.0.2",
    "query-string": "4.2.0",
    "recursive-readdir": "^1.2.1",
    "recursive-readdir-sync": "^1.0.6",
    "redis": "^2.3.1",
    "request": "2.80.0",
    "request-promise": "^0.4.3",
    "stripe": "^6.31.1",
    "swag": "^0.7.0",
    "uglify-js": "^2.6.1"
  },
  "devDependencies": {
    "chalk": "^1.1.1",
    "gulp-develop-server": "^0.5.0",
    "gulp-livereload": "^3.8.0",
    "gulp-shell": "^0.5.1",
    "nodemon": "^1.18.10",
    "eslint": "^4.12.0",
    "eslint-plugin-promise": "^3.6.0"
  },
  "engines": {
    "node": "8"
  },
  "private": true
}
[info] i  functions: ensuring necessary APIs are enabled...
[debug] [2019-05-11T20:42:18.869Z] >>> HTTP REQUEST GET https://servicemanagement.googleapis.com/v1/services/cloudfunctions.googleapis.com/projectSettings/backpacks-5bda5?view=CONSUMER_VIEW  
 
[debug] [2019-05-11T20:42:18.869Z] >>> HTTP REQUEST GET https://servicemanagement.googleapis.com/v1/services/runtimeconfig.googleapis.com/projectSettings/backpacks-5bda5?view=CONSUMER_VIEW  
 
[debug] [2019-05-11T20:42:19.797Z] <<< HTTP RESPONSE 200
[debug] [2019-05-11T20:42:19.823Z] <<< HTTP RESPONSE 200
[info] ✔  functions: all necessary APIs are enabled
[debug] [2019-05-11T20:42:19.824Z] >>> HTTP REQUEST GET https://cloudresourcemanager.googleapis.com/v1/projects/backpacks-5bda5  
 
[debug] [2019-05-11T20:42:20.365Z] <<< HTTP RESPONSE 200
[debug] [2019-05-11T20:42:20.365Z] >>> HTTP REQUEST GET https://mobilesdk-pa.googleapis.com/v1/projects/949854778876:getServerAppConfig  
 
[debug] [2019-05-11T20:42:20.564Z] <<< HTTP RESPONSE 200
[debug] [2019-05-11T20:42:20.566Z] >>> HTTP REQUEST POST https://firebasehosting.googleapis.com/v1beta1/sites/backpacks-5bda5/versions  

[debug] [2019-05-11T20:42:21.815Z] <<< HTTP RESPONSE 200
[info] i  storage: uploading rules storage.rules...
[debug] [2019-05-11T20:42:21.816Z] >>> HTTP REQUEST POST https://firebaserules.googleapis.com/v1/projects/backpacks-5bda5/rulesets  

[debug] [2019-05-11T20:42:22.115Z] <<< HTTP RESPONSE 200
[debug] [2019-05-11T20:42:22.115Z] [rules] created ruleset projects/backpacks-5bda5/rulesets/c374e778-b894-4d16-83fd-5394f9bc4163
[info] i  firestore: uploading rules firestore.rules...
[debug] [2019-05-11T20:42:22.117Z] >>> HTTP REQUEST POST https://firebaserules.googleapis.com/v1/projects/backpacks-5bda5/rulesets  

[debug] [2019-05-11T20:42:22.117Z] >>> HTTP REQUEST GET https://firestore.googleapis.com/v1beta1/projects/backpacks-5bda5/databases/(default)/indexes  
 
[debug] [2019-05-11T20:42:22.555Z] <<< HTTP RESPONSE 200
[debug] [2019-05-11T20:42:22.555Z] [rules] created ruleset projects/backpacks-5bda5/rulesets/a9af1347-ab0f-4618-a033-977e7d402048
[debug] [2019-05-11T20:42:22.615Z] <<< HTTP RESPONSE 200
[debug] [2019-05-11T20:42:22.616Z] Skipping existing index: {"collectionId":"cards","state":"READY","fields":[{"fieldPath":"set","mode":"ASCENDING"},{"fieldPath":"multiverseid","mode":"ASCENDING"}]}
[info] i  functions: preparing functions directory for uploading...
[debug] [2019-05-11T20:42:22.622Z] >>> HTTP REQUEST GET https://runtimeconfig.googleapis.com/v1beta1/projects/backpacks-5bda5/configs  
 
[debug] [2019-05-11T20:42:23.295Z] <<< HTTP RESPONSE 200
[info] i  functions: packaged functions (7.17 MB) for uploading
[debug] [2019-05-11T20:42:25.720Z] >>> HTTP REQUEST POST https://cloudfunctions.googleapis.com/v1/projects/backpacks-5bda5/locations/us-central1/functions:generateUploadUrl  
 
